mode: set
github.com/abforce/cortex-ce/cortex-mem-go/dto/misc.go:13.44,15.2 1 1
github.com/abforce/cortex-ce/cortex-mem-go/client_impl.go:43.41,44.31 1 1
github.com/abforce/cortex-ce/cortex-mem-go/client_impl.go:44.31,44.54 1 1
github.com/abforce/cortex-ce/cortex-mem-go/client_impl.go:48.39,49.31 1 0
github.com/abforce/cortex-ce/cortex-mem-go/client_impl.go:49.31,49.52 1 0
github.com/abforce/cortex-ce/cortex-mem-go/client_impl.go:54.49,55.31 1 1
github.com/abforce/cortex-ce/cortex-mem-go/client_impl.go:55.31,55.56 1 1
github.com/abforce/cortex-ce/cortex-mem-go/client_impl.go:60.42,61.31 1 1
github.com/abforce/cortex-ce/cortex-mem-go/client_impl.go:61.31,61.48 1 1
github.com/abforce/cortex-ce/cortex-mem-go/client_impl.go:66.49,67.31 1 1
github.com/abforce/cortex-ce/cortex-mem-go/client_impl.go:67.31,67.55 1 1
github.com/abforce/cortex-ce/cortex-mem-go/client_impl.go:71.35,72.31 1 1
github.com/abforce/cortex-ce/cortex-mem-go/client_impl.go:72.31,72.51 1 1
github.com/abforce/cortex-ce/cortex-mem-go/client_impl.go:78.47,79.31 1 1
github.com/abforce/cortex-ce/cortex-mem-go/client_impl.go:79.31,79.53 1 1
github.com/abforce/cortex-ce/cortex-mem-go/client_impl.go:83.39,84.31 1 0
github.com/abforce/cortex-ce/cortex-mem-go/client_impl.go:84.31,84.52 1 0
github.com/abforce/cortex-ce/cortex-mem-go/client_impl.go:90.41,90.42 0 0
github.com/abforce/cortex-ce/cortex-mem-go/client_impl.go:91.41,91.42 0 0
github.com/abforce/cortex-ce/cortex-mem-go/client_impl.go:92.41,92.42 0 1
github.com/abforce/cortex-ce/cortex-mem-go/client_impl.go:93.41,93.42 0 0
github.com/abforce/cortex-ce/cortex-mem-go/client_impl.go:97.42,106.2 1 1
github.com/abforce/cortex-ce/cortex-mem-go/client_impl.go:109.39,111.27 2 1
github.com/abforce/cortex-ce/cortex-mem-go/client_impl.go:111.27,113.3 1 1
github.com/abforce/cortex-ce/cortex-mem-go/client_impl.go:115.2,115.23 1 1
github.com/abforce/cortex-ce/cortex-mem-go/client_impl.go:115.23,117.3 1 1
github.com/abforce/cortex-ce/cortex-mem-go/client_impl.go:119.2,120.24 2 1
github.com/abforce/cortex-ce/cortex-mem-go/client_impl.go:120.24,122.3 1 1
github.com/abforce/cortex-ce/cortex-mem-go/client_impl.go:125.2,125.27 1 1
github.com/abforce/cortex-ce/cortex-mem-go/client_impl.go:125.27,142.3 1 1
github.com/abforce/cortex-ce/cortex-mem-go/client_impl.go:143.2,143.33 1 1
github.com/abforce/cortex-ce/cortex-mem-go/client_impl.go:160.136,162.9 1 1
github.com/abforce/cortex-ce/cortex-mem-go/client_impl.go:163.20,164.27 1 1
github.com/abforce/cortex-ce/cortex-mem-go/client_impl.go:165.10,165.10 0 1
github.com/abforce/cortex-ce/cortex-mem-go/client_impl.go:168.2,169.16 2 1
github.com/abforce/cortex-ce/cortex-mem-go/client_impl.go:169.16,171.3 1 0
github.com/abforce/cortex-ce/cortex-mem-go/client_impl.go:173.2,173.24 1 1
github.com/abforce/cortex-ce/cortex-mem-go/client_impl.go:173.24,175.33 2 1
github.com/abforce/cortex-ce/cortex-mem-go/client_impl.go:175.33,176.15 1 1
github.com/abforce/cortex-ce/cortex-mem-go/client_impl.go:176.15,178.5 1 1
github.com/abforce/cortex-ce/cortex-mem-go/client_impl.go:180.3,180.26 1 1
github.com/abforce/cortex-ce/cortex-mem-go/client_impl.go:183.2,184.17 2 1
github.com/abforce/cortex-ce/cortex-mem-go/client_impl.go:184.17,186.17 2 1
github.com/abforce/cortex-ce/cortex-mem-go/client_impl.go:186.17,188.4 1 0
github.com/abforce/cortex-ce/cortex-mem-go/client_impl.go:189.3,189.34 1 1
github.com/abforce/cortex-ce/cortex-mem-go/client_impl.go:192.2,193.16 2 1
github.com/abforce/cortex-ce/cortex-mem-go/client_impl.go:193.16,195.3 1 0
github.com/abforce/cortex-ce/cortex-mem-go/client_impl.go:198.2,198.20 1 1
github.com/abforce/cortex-ce/cortex-mem-go/client_impl.go:198.20,200.3 1 1
github.com/abforce/cortex-ce/cortex-mem-go/client_impl.go:201.2,203.27 3 1
github.com/abforce/cortex-ce/cortex-mem-go/client_impl.go:203.27,205.3 1 0
github.com/abforce/cortex-ce/cortex-mem-go/client_impl.go:207.2,208.16 2 1
github.com/abforce/cortex-ce/cortex-mem-go/client_impl.go:208.16,210.3 1 1
github.com/abforce/cortex-ce/cortex-mem-go/client_impl.go:211.2,215.16 3 1
github.com/abforce/cortex-ce/cortex-mem-go/client_impl.go:215.16,217.3 1 0
github.com/abforce/cortex-ce/cortex-mem-go/client_impl.go:219.2,219.39 1 1
github.com/abforce/cortex-ce/cortex-mem-go/client_impl.go:225.137,227.16 2 1
github.com/abforce/cortex-ce/cortex-mem-go/client_impl.go:227.16,229.3 1 1
github.com/abforce/cortex-ce/cortex-mem-go/client_impl.go:230.2,230.19 1 1
github.com/abforce/cortex-ce/cortex-mem-go/client_impl.go:230.19,232.3 1 1
github.com/abforce/cortex-ce/cortex-mem-go/client_impl.go:233.2,234.53 2 1
github.com/abforce/cortex-ce/cortex-mem-go/client_impl.go:234.53,236.3 1 1
github.com/abforce/cortex-ce/cortex-mem-go/client_impl.go:237.2,237.19 1 1
github.com/abforce/cortex-ce/cortex-mem-go/client_impl.go:241.99,243.2 1 1
github.com/abforce/cortex-ce/cortex-mem-go/client_impl.go:246.140,248.16 2 1
github.com/abforce/cortex-ce/cortex-mem-go/client_impl.go:248.16,250.3 1 0
github.com/abforce/cortex-ce/cortex-mem-go/client_impl.go:251.2,251.19 1 1
github.com/abforce/cortex-ce/cortex-mem-go/client_impl.go:251.19,253.3 1 1
github.com/abforce/cortex-ce/cortex-mem-go/client_impl.go:254.2,254.12 1 1
github.com/abforce/cortex-ce/cortex-mem-go/client_impl.go:260.46,262.54 2 1
github.com/abforce/cortex-ce/cortex-mem-go/client_impl.go:262.54,265.19 2 1
github.com/abforce/cortex-ce/cortex-mem-go/client_impl.go:265.19,267.4 1 0
github.com/abforce/cortex-ce/cortex-mem-go/client_impl.go:268.3,268.11 1 1
github.com/abforce/cortex-ce/cortex-mem-go/client_impl.go:271.2,271.61 1 1
github.com/abforce/cortex-ce/cortex-mem-go/client_impl.go:271.61,272.31 1 1
github.com/abforce/cortex-ce/cortex-mem-go/client_impl.go:272.31,273.42 1 1
github.com/abforce/cortex-ce/cortex-mem-go/client_impl.go:273.42,275.5 1 1
github.com/abforce/cortex-ce/cortex-mem-go/client_impl.go:279.2,280.16 2 0
github.com/abforce/cortex-ce/cortex-mem-go/client_impl.go:280.16,282.3 1 0
github.com/abforce/cortex-ce/cortex-mem-go/client_impl.go:283.2,283.22 1 0
github.com/abforce/cortex-ce/cortex-mem-go/client_impl.go:290.95,292.9 1 1
github.com/abforce/cortex-ce/cortex-mem-go/client_impl.go:293.20,295.13 2 1
github.com/abforce/cortex-ce/cortex-mem-go/client_impl.go:296.10,296.10 0 1
github.com/abforce/cortex-ce/cortex-mem-go/client_impl.go:299.2,300.62 2 1
github.com/abforce/cortex-ce/cortex-mem-go/client_impl.go:300.62,302.21 2 1
github.com/abforce/cortex-ce/cortex-mem-go/client_impl.go:302.21,304.4 1 1
github.com/abforce/cortex-ce/cortex-mem-go/client_impl.go:306.3,306.28 1 1
github.com/abforce/cortex-ce/cortex-mem-go/client_impl.go:306.28,312.4 2 1
github.com/abforce/cortex-ce/cortex-mem-go/client_impl.go:314.3,314.36 1 1
github.com/abforce/cortex-ce/cortex-mem-go/client_impl.go:314.36,325.23 5 1
github.com/abforce/cortex-ce/cortex-mem-go/client_impl.go:325.23,327.5 1 1
github.com/abforce/cortex-ce/cortex-mem-go/client_impl.go:328.4,329.17 2 1
github.com/abforce/cortex-ce/cortex-mem-go/client_impl.go:329.17,331.5 1 0
github.com/abforce/cortex-ce/cortex-mem-go/client_impl.go:332.4,332.11 1 1
github.com/abforce/cortex-ce/cortex-mem-go/client_impl.go:333.22,339.15 2 0
github.com/abforce/cortex-ce/cortex-mem-go/client_impl.go:340.29,340.29 0 1
github.com/abforce/cortex-ce/cortex-mem-go/client_impl.go:344.2,348.12 2 1
github.com/abforce/cortex-ce/cortex-mem-go/client_impl.go:351.62,353.2 1 1
github.com/abforce/cortex-ce/cortex-mem-go/client_impl.go:364.34,365.16 1 1
github.com/abforce/cortex-ce/cortex-mem-go/client_impl.go:365.16,367.3 1 0
github.com/abforce/cortex-ce/cortex-mem-go/client_impl.go:369.2,370.30 2 1
github.com/abforce/cortex-ce/cortex-mem-go/client_impl.go:370.30,372.3 1 0
github.com/abforce/cortex-ce/cortex-mem-go/client_impl.go:374.2,377.49 1 1
github.com/abforce/cortex-ce/cortex-mem-go/client_methods.go:13.120,15.2 1 1
github.com/abforce/cortex-ce/cortex-mem-go/client_methods.go:17.129,20.2 2 1
github.com/abforce/cortex-ce/cortex-mem-go/client_methods.go:24.95,25.25 1 1
github.com/abforce/cortex-ce/cortex-mem-go/client_methods.go:25.25,27.3 1 1
github.com/abforce/cortex-ce/cortex-mem-go/client_methods.go:28.2,28.66 1 1
github.com/abforce/cortex-ce/cortex-mem-go/client_methods.go:28.66,30.3 1 1
github.com/abforce/cortex-ce/cortex-mem-go/client_methods.go:33.93,34.25 1 1
github.com/abforce/cortex-ce/cortex-mem-go/client_methods.go:34.25,36.3 1 1
github.com/abforce/cortex-ce/cortex-mem-go/client_methods.go:37.2,37.65 1 1
github.com/abforce/cortex-ce/cortex-mem-go/client_methods.go:37.65,39.3 1 1
github.com/abforce/cortex-ce/cortex-mem-go/client_methods.go:42.93,43.25 1 1
github.com/abforce/cortex-ce/cortex-mem-go/client_methods.go:43.25,45.3 1 1
github.com/abforce/cortex-ce/cortex-mem-go/client_methods.go:46.2,46.26 1 1
github.com/abforce/cortex-ce/cortex-mem-go/client_methods.go:46.26,48.3 1 1
github.com/abforce/cortex-ce/cortex-mem-go/client_methods.go:49.2,49.65 1 1
github.com/abforce/cortex-ce/cortex-mem-go/client_methods.go:49.65,51.3 1 1
github.com/abforce/cortex-ce/cortex-mem-go/client_methods.go:56.116,57.20 1 1
github.com/abforce/cortex-ce/cortex-mem-go/client_methods.go:57.20,59.3 1 1
github.com/abforce/cortex-ce/cortex-mem-go/client_methods.go:60.2,61.16 2 1
github.com/abforce/cortex-ce/cortex-mem-go/client_methods.go:61.16,63.3 1 1
github.com/abforce/cortex-ce/cortex-mem-go/client_methods.go:64.2,64.21 1 1
github.com/abforce/cortex-ce/cortex-mem-go/client_methods.go:67.114,68.20 1 1
github.com/abforce/cortex-ce/cortex-mem-go/client_methods.go:68.20,70.3 1 1
github.com/abforce/cortex-ce/cortex-mem-go/client_methods.go:71.2,71.104 1 1
github.com/abforce/cortex-ce/cortex-mem-go/client_methods.go:74.100,75.23 1 1
github.com/abforce/cortex-ce/cortex-mem-go/client_methods.go:75.23,77.3 1 1
github.com/abforce/cortex-ce/cortex-mem-go/client_methods.go:78.2,85.19 2 1
github.com/abforce/cortex-ce/cortex-mem-go/client_methods.go:85.19,87.3 1 1
github.com/abforce/cortex-ce/cortex-mem-go/client_methods.go:88.2,88.20 1 1
github.com/abforce/cortex-ce/cortex-mem-go/client_methods.go:88.20,90.3 1 1
github.com/abforce/cortex-ce/cortex-mem-go/client_methods.go:91.2,91.92 1 1
github.com/abforce/cortex-ce/cortex-mem-go/client_methods.go:94.124,95.23 1 1
github.com/abforce/cortex-ce/cortex-mem-go/client_methods.go:95.23,97.3 1 1
github.com/abforce/cortex-ce/cortex-mem-go/client_methods.go:98.2,101.20 2 1
github.com/abforce/cortex-ce/cortex-mem-go/client_methods.go:101.20,103.3 1 1
github.com/abforce/cortex-ce/cortex-mem-go/client_methods.go:104.2,104.19 1 1
github.com/abforce/cortex-ce/cortex-mem-go/client_methods.go:104.19,106.3 1 1
github.com/abforce/cortex-ce/cortex-mem-go/client_methods.go:107.2,107.106 1 1
github.com/abforce/cortex-ce/cortex-mem-go/client_methods.go:110.118,111.19 1 1
github.com/abforce/cortex-ce/cortex-mem-go/client_methods.go:111.19,113.3 1 1
github.com/abforce/cortex-ce/cortex-mem-go/client_methods.go:114.2,114.20 1 1
github.com/abforce/cortex-ce/cortex-mem-go/client_methods.go:114.20,116.3 1 1
github.com/abforce/cortex-ce/cortex-mem-go/client_methods.go:117.2,117.25 1 1
github.com/abforce/cortex-ce/cortex-mem-go/client_methods.go:117.25,118.15 1 1
github.com/abforce/cortex-ce/cortex-mem-go/client_methods.go:118.15,120.4 1 1
github.com/abforce/cortex-ce/cortex-mem-go/client_methods.go:122.2,123.115 2 1
github.com/abforce/cortex-ce/cortex-mem-go/client_methods.go:128.87,129.23 1 1
github.com/abforce/cortex-ce/cortex-mem-go/client_methods.go:129.23,131.3 1 1
github.com/abforce/cortex-ce/cortex-mem-go/client_methods.go:135.2,136.45 1 1
github.com/abforce/cortex-ce/cortex-mem-go/client_methods.go:139.109,140.25 1 1
github.com/abforce/cortex-ce/cortex-mem-go/client_methods.go:140.25,142.3 1 0
github.com/abforce/cortex-ce/cortex-mem-go/client_methods.go:143.2,143.24 1 1
github.com/abforce/cortex-ce/cortex-mem-go/client_methods.go:143.24,145.3 1 0
github.com/abforce/cortex-ce/cortex-mem-go/client_methods.go:148.2,153.80 2 1
github.com/abforce/cortex-ce/cortex-mem-go/client_methods.go:156.119,157.25 1 1
github.com/abforce/cortex-ce/cortex-mem-go/client_methods.go:157.25,159.3 1 0
github.com/abforce/cortex-ce/cortex-mem-go/client_methods.go:161.2,162.66 2 1
github.com/abforce/cortex-ce/cortex-mem-go/client_methods.go:165.89,166.25 1 1
github.com/abforce/cortex-ce/cortex-mem-go/client_methods.go:166.25,168.3 1 0
github.com/abforce/cortex-ce/cortex-mem-go/client_methods.go:170.2,171.64 2 1
github.com/abforce/cortex-ce/cortex-mem-go/client_methods.go:174.120,175.23 1 1
github.com/abforce/cortex-ce/cortex-mem-go/client_methods.go:175.23,177.3 1 1
github.com/abforce/cortex-ce/cortex-mem-go/client_methods.go:178.2,179.45 1 1
github.com/abforce/cortex-ce/cortex-mem-go/client_methods.go:184.61,186.16 2 1
github.com/abforce/cortex-ce/cortex-mem-go/client_methods.go:186.16,188.3 1 1
github.com/abforce/cortex-ce/cortex-mem-go/client_methods.go:189.2,189.19 1 1
github.com/abforce/cortex-ce/cortex-mem-go/client_methods.go:189.19,191.3 1 1
github.com/abforce/cortex-ce/cortex-mem-go/client_methods.go:193.2,194.53 2 1
github.com/abforce/cortex-ce/cortex-mem-go/client_methods.go:194.53,195.57 1 1
github.com/abforce/cortex-ce/cortex-mem-go/client_methods.go:195.57,197.4 1 1
github.com/abforce/cortex-ce/cortex-mem-go/client_methods.go:199.2,199.12 1 1
github.com/abforce/cortex-ce/cortex-mem-go/client_methods.go:204.87,205.23 1 1
github.com/abforce/cortex-ce/cortex-mem-go/client_methods.go:205.23,207.3 1 0
github.com/abforce/cortex-ce/cortex-mem-go/client_methods.go:208.2,209.49 1 1
github.com/abforce/cortex-ce/cortex-mem-go/client_methods.go:212.136,213.23 1 1
github.com/abforce/cortex-ce/cortex-mem-go/client_methods.go:213.23,215.3 1 0
github.com/abforce/cortex-ce/cortex-mem-go/client_methods.go:216.2,216.24 1 1
github.com/abforce/cortex-ce/cortex-mem-go/client_methods.go:216.24,218.3 1 0
github.com/abforce/cortex-ce/cortex-mem-go/client_methods.go:219.2,221.18 3 1
github.com/abforce/cortex-ce/cortex-mem-go/client_methods.go:221.18,223.3 1 1
github.com/abforce/cortex-ce/cortex-mem-go/client_methods.go:224.2,224.87 1 1
github.com/abforce/cortex-ce/cortex-mem-go/client_methods.go:227.149,228.23 1 1
github.com/abforce/cortex-ce/cortex-mem-go/client_methods.go:228.23,230.3 1 0
github.com/abforce/cortex-ce/cortex-mem-go/client_methods.go:231.2,231.24 1 1
github.com/abforce/cortex-ce/cortex-mem-go/client_methods.go:231.24,233.3 1 0
github.com/abforce/cortex-ce/cortex-mem-go/client_methods.go:234.2,234.15 1 1
github.com/abforce/cortex-ce/cortex-mem-go/client_methods.go:234.15,236.3 1 1
github.com/abforce/cortex-ce/cortex-mem-go/client_methods.go:237.2,243.15 3 1
github.com/abforce/cortex-ce/cortex-mem-go/client_methods.go:243.15,245.3 1 1
github.com/abforce/cortex-ce/cortex-mem-go/client_methods.go:246.2,246.18 1 1
github.com/abforce/cortex-ce/cortex-mem-go/client_methods.go:246.18,248.3 1 1
github.com/abforce/cortex-ce/cortex-mem-go/client_methods.go:249.2,250.16 2 1
github.com/abforce/cortex-ce/cortex-mem-go/client_methods.go:250.16,252.3 1 0
github.com/abforce/cortex-ce/cortex-mem-go/client_methods.go:253.2,253.21 1 1
github.com/abforce/cortex-ce/cortex-mem-go/client_methods.go:258.84,260.2 1 1
github.com/abforce/cortex-ce/cortex-mem-go/client_methods.go:264.86,266.2 1 1
github.com/abforce/cortex-ce/cortex-mem-go/client_methods.go:268.100,270.23 2 1
github.com/abforce/cortex-ce/cortex-mem-go/client_methods.go:270.23,272.3 1 1
github.com/abforce/cortex-ce/cortex-mem-go/client_methods.go:273.2,273.92 1 1
github.com/abforce/cortex-ce/cortex-mem-go/client_methods.go:276.80,278.2 1 1
github.com/abforce/cortex-ce/cortex-mem-go/client_methods.go:280.79,282.16 2 1
github.com/abforce/cortex-ce/cortex-mem-go/client_methods.go:282.16,284.3 1 0
github.com/abforce/cortex-ce/cortex-mem-go/client_methods.go:285.2,285.21 1 1
github.com/abforce/cortex-ce/cortex-mem-go/client_methods.go:290.36,291.32 1 1
github.com/abforce/cortex-ce/cortex-mem-go/client_methods.go:291.32,292.67 1 1
github.com/abforce/cortex-ce/cortex-mem-go/client_methods.go:292.67,294.4 1 1
github.com/abforce/cortex-ce/cortex-mem-go/client_methods.go:296.2,296.12 1 1
github.com/abforce/cortex-ce/cortex-mem-go/error.go:15.35,17.2 1 1
github.com/abforce/cortex-ce/cortex-mem-go/error.go:19.35,21.2 1 1
github.com/abforce/cortex-ce/cortex-mem-go/error.go:38.40,39.14 1 1
github.com/abforce/cortex-ce/cortex-mem-go/error.go:40.29,41.23 1 1
github.com/abforce/cortex-ce/cortex-mem-go/error.go:42.31,43.25 1 1
github.com/abforce/cortex-ce/cortex-mem-go/error.go:44.28,45.22 1 1
github.com/abforce/cortex-ce/cortex-mem-go/error.go:46.27,47.21 1 1
github.com/abforce/cortex-ce/cortex-mem-go/error.go:48.27,49.21 1 1
github.com/abforce/cortex-ce/cortex-mem-go/error.go:50.38,51.26 1 1
github.com/abforce/cortex-ce/cortex-mem-go/error.go:52.34,53.24 1 1
github.com/abforce/cortex-ce/cortex-mem-go/error.go:54.38,55.21 1 1
github.com/abforce/cortex-ce/cortex-mem-go/error.go:56.29,57.23 1 1
github.com/abforce/cortex-ce/cortex-mem-go/error.go:58.37,59.31 1 1
github.com/abforce/cortex-ce/cortex-mem-go/error.go:60.33,61.27 1 1
github.com/abforce/cortex-ce/cortex-mem-go/error.go:62.10,63.57 1 1
github.com/abforce/cortex-ce/cortex-mem-go/error.go:68.33,70.29 2 1
github.com/abforce/cortex-ce/cortex-mem-go/error.go:70.29,72.3 1 1
github.com/abforce/cortex-ce/cortex-mem-go/error.go:73.2,73.36 1 1
github.com/abforce/cortex-ce/cortex-mem-go/error.go:77.35,79.29 2 1
github.com/abforce/cortex-ce/cortex-mem-go/error.go:79.29,81.3 1 1
github.com/abforce/cortex-ce/cortex-mem-go/error.go:82.2,82.38 1 1
github.com/abforce/cortex-ce/cortex-mem-go/error.go:86.37,88.29 2 1
github.com/abforce/cortex-ce/cortex-mem-go/error.go:88.29,90.3 1 1
github.com/abforce/cortex-ce/cortex-mem-go/error.go:91.2,91.40 1 1
github.com/abforce/cortex-ce/cortex-mem-go/error.go:95.33,97.29 2 1
github.com/abforce/cortex-ce/cortex-mem-go/error.go:97.29,99.3 1 1
github.com/abforce/cortex-ce/cortex-mem-go/error.go:100.2,100.36 1 1
github.com/abforce/cortex-ce/cortex-mem-go/error.go:104.36,106.29 2 1
github.com/abforce/cortex-ce/cortex-mem-go/error.go:106.29,108.3 1 1
github.com/abforce/cortex-ce/cortex-mem-go/error.go:109.2,109.39 1 1
github.com/abforce/cortex-ce/cortex-mem-go/error.go:113.34,115.29 2 1
github.com/abforce/cortex-ce/cortex-mem-go/error.go:115.29,117.3 1 1
github.com/abforce/cortex-ce/cortex-mem-go/error.go:118.2,118.37 1 1
github.com/abforce/cortex-ce/cortex-mem-go/error.go:122.38,124.29 2 1
github.com/abforce/cortex-ce/cortex-mem-go/error.go:124.29,126.3 1 1
github.com/abforce/cortex-ce/cortex-mem-go/error.go:127.2,127.41 1 1
github.com/abforce/cortex-ce/cortex-mem-go/error.go:131.33,133.29 2 1
github.com/abforce/cortex-ce/cortex-mem-go/error.go:133.29,135.3 1 1
github.com/abforce/cortex-ce/cortex-mem-go/error.go:136.2,136.36 1 1
github.com/abforce/cortex-ce/cortex-mem-go/error.go:168.34,169.16 1 1
github.com/abforce/cortex-ce/cortex-mem-go/error.go:169.16,171.3 1 1
github.com/abforce/cortex-ce/cortex-mem-go/error.go:173.2,174.29 2 1
github.com/abforce/cortex-ce/cortex-mem-go/error.go:174.29,181.3 1 1
github.com/abforce/cortex-ce/cortex-mem-go/error.go:183.2,184.78 1 1
github.com/abforce/cortex-ce/cortex-mem-go/error.go:184.78,186.3 1 1
github.com/abforce/cortex-ce/cortex-mem-go/error.go:188.2,188.26 1 1
github.com/abforce/cortex-ce/cortex-mem-go/error.go:188.26,190.3 1 1
github.com/abforce/cortex-ce/cortex-mem-go/error.go:192.2,192.13 1 1
github.com/abforce/cortex-ce/cortex-mem-go/error.go:196.38,208.2 1 1
github.com/abforce/cortex-ce/cortex-mem-go/error.go:211.35,213.29 2 1
github.com/abforce/cortex-ce/cortex-mem-go/error.go:213.29,215.3 1 1
github.com/abforce/cortex-ce/cortex-mem-go/error.go:216.2,216.38 1 1
github.com/abforce/cortex-ce/cortex-mem-go/error.go:220.43,222.29 2 1
github.com/abforce/cortex-ce/cortex-mem-go/error.go:222.29,224.3 1 1
github.com/abforce/cortex-ce/cortex-mem-go/error.go:225.2,225.46 1 1
github.com/abforce/cortex-ce/cortex-mem-go/error.go:229.39,231.29 2 1
github.com/abforce/cortex-ce/cortex-mem-go/error.go:231.29,233.3 1 1
github.com/abforce/cortex-ce/cortex-mem-go/error.go:234.2,234.42 1 1
github.com/abforce/cortex-ce/cortex-mem-go/error.go:238.36,240.29 2 1
github.com/abforce/cortex-ce/cortex-mem-go/error.go:240.29,242.3 1 1
github.com/abforce/cortex-ce/cortex-mem-go/error.go:243.2,243.14 1 1
github.com/abforce/cortex-ce/cortex-mem-go/error.go:248.36,250.2 1 1
